<?xml version="1.0" encoding="UTF-8"?>
<testng-results ignored="0" total="1" passed="1" failed="0" skipped="0">
  <reporter-output>
  </reporter-output>
  <suite started-at="2018-10-16T14:28:06Z" name="RIO" finished-at="2018-10-16T14:31:49Z" duration-ms="223632">
    <groups>
    </groups>
    <test started-at="2018-10-16T14:28:06Z" name="TO create an aligner/Retainer order" finished-at="2018-10-16T14:31:49Z" duration-ms="223632">
      <class name="Tests.newOrder_Test">
        <test-method is-config="true" signature="setDriver(java.lang.String, java.lang.String)[pri:0, instance:Tests.newOrder_Test@610f7aa]" started-at="2018-10-16T14:28:06Z" name="setDriver" finished-at="2018-10-16T14:28:21Z" duration-ms="15618" status="PASS">
          <params>
            <param index="0">
              <value>
                <![CDATA[chrome]]>
              </value>
            </param>
            <param index="1">
              <value>
                <![CDATA[https://3mocc-sl3-staging.3m.com]]>
              </value>
            </param>
          </params>
          <reporter-output>
          </reporter-output>
        </test-method> <!-- setDriver -->
        <test-method is-config="true" signature="setUp()[pri:0, instance:Tests.newOrder_Test@610f7aa]" started-at="2018-10-16T14:28:21Z" name="setUp" finished-at="2018-10-16T14:28:21Z" depends-on-methods="Setup.browserSetup.setDriver" duration-ms="0" status="PASS">
          <reporter-output>
          </reporter-output>
        </test-method> <!-- setUp -->
        <test-method signature="newPatientOrder(java.lang.String, java.lang.String, java.lang.String, java.lang.String, java.lang.String, java.lang.String, java.lang.String, java.lang.String)[pri:0, instance:Tests.newOrder_Test@610f7aa]" started-at="2018-10-16T14:28:21Z" name="newPatientOrder" finished-at="2018-10-16T14:31:49Z" duration-ms="207995" status="PASS">
          <params>
            <param index="0">
              <value>
                <![CDATA[No]]>
              </value>
            </param>
            <param index="1">
              <value>
                <![CDATA[Only Upper Retainer]]>
              </value>
            </param>
            <param index="2">
              <value>
                <![CDATA[12]]>
              </value>
            </param>
            <param index="3">
              <value>
                <![CDATA[Senthil Patient_Auto]]>
              </value>
            </param>
            <param index="4">
              <value>
                <![CDATA[TKX2FD]]>
              </value>
            </param>
            <param index="5">
              <value>
                <![CDATA[Physical_Impression]]>
              </value>
            </param>
            <param index="6">
              <value>
                <![CDATA[08/02/2018]]>
              </value>
            </param>
            <param index="7">
              <value>
                <![CDATA[AlternativeShippingAddress]]>
              </value>
            </param>
          </params>
          <reporter-output>
          </reporter-output>
        </test-method> <!-- newPatientOrder -->
        <test-method is-config="true" signature="closeBrowser()[pri:0, instance:Tests.newOrder_Test@610f7aa]" started-at="2018-10-16T14:31:49Z" name="closeBrowser" finished-at="2018-10-16T14:31:49Z" duration-ms="1" status="PASS">
          <reporter-output>
          </reporter-output>
        </test-method> <!-- closeBrowser -->
      </class> <!-- Tests.newOrder_Test -->
    </test> <!-- TO create an aligner/Retainer order -->
  </suite> <!-- RIO -->
</testng-results>
